<?xml version="1.0" encoding="UTF-8"?>
<testsuite name="Utest" tests="1" skipped="0" failures="1" errors="0" timestamp="2021-02-24T15:34:31" hostname="DESKTOP-CURJO95" time="54.67">
  <properties/>
  <testcase name="Create new user on uTest page" classname="Utest" time="54.67">
    <failure message="net.thucydides.core.webdriver.exceptions.ElementShouldBeEnabledException: Expected enabled element was not enabled" type="net.thucydides.core.webdriver.exceptions.ElementShouldBeEnabledException">net.thucydides.core.webdriver.exceptions.ElementShouldBeEnabledException: Expected enabled element was not enabled
	at net.serenitybdd.core.pages.WebElementFacadeImpl.waitUntilEnabled(WebElementFacadeImpl.java:1149)
	at net.serenitybdd.core.pages.WebElementFacadeImpl.waitUntilElementAvailable(WebElementFacadeImpl.java:954)
	at net.serenitybdd.core.pages.WebElementFacadeImpl.click(WebElementFacadeImpl.java:1229)
	at net.serenitybdd.screenplay.actions.ClickOnTarget.performAs(ClickOnTarget.java:13)
	at net.serenitybdd.screenplay.actions.ClickOnTarget$ByteBuddy$Hh9TnTWp.performAs$accessor$AODXGr5g(Unknown Source)
	at sun.reflect.NativeMethodAccessorImpl.invoke0(Native Method)
	at sun.reflect.NativeMethodAccessorImpl.invoke(NativeMethodAccessorImpl.java:62)
	at sun.reflect.DelegatingMethodAccessorImpl.invoke(DelegatingMethodAccessorImpl.java:43)
	at java.lang.reflect.Method.invoke(Method.java:498)
	at net.thucydides.core.steps.StepInterceptor.invokeMethod(StepInterceptor.java:471)
	at net.thucydides.core.steps.StepInterceptor.executeTestStepMethod(StepInterceptor.java:451)
	at net.thucydides.core.steps.StepInterceptor.runTestStep(StepInterceptor.java:424)
	at net.thucydides.core.steps.StepInterceptor.runOrSkipMethod(StepInterceptor.java:180)
	at net.thucydides.core.steps.StepInterceptor.testStepResult(StepInterceptor.java:167)
	at net.thucydides.core.steps.StepInterceptor.intercept(StepInterceptor.java:75)
	at net.serenitybdd.screenplay.actions.ClickOnTarget$ByteBuddy$Hh9TnTWp.performAs(Unknown Source)
	at net.serenitybdd.screenplay.Actor.performTask(Actor.java:233)
	at net.serenitybdd.screenplay.Actor.perform(Actor.java:214)
	at net.serenitybdd.screenplay.Actor.attemptsTo(Actor.java:171)
	at proyecto3.task.Check.performAs(Check.java:27)
	at proyecto3.task.Check$ByteBuddy$J4MFqCK1.performAs$accessor$W15Kehyd(Unknown Source)
	at sun.reflect.NativeMethodAccessorImpl.invoke0(Native Method)
	at sun.reflect.NativeMethodAccessorImpl.invoke(NativeMethodAccessorImpl.java:62)
	at sun.reflect.DelegatingMethodAccessorImpl.invoke(DelegatingMethodAccessorImpl.java:43)
	at java.lang.reflect.Method.invoke(Method.java:498)
	at net.thucydides.core.steps.StepInterceptor.invokeMethod(StepInterceptor.java:471)
	at net.thucydides.core.steps.StepInterceptor.executeTestStepMethod(StepInterceptor.java:451)
	at net.thucydides.core.steps.StepInterceptor.runTestStep(StepInterceptor.java:424)
	at net.thucydides.core.steps.StepInterceptor.runOrSkipMethod(StepInterceptor.java:180)
	at net.thucydides.core.steps.StepInterceptor.testStepResult(StepInterceptor.java:167)
	at net.thucydides.core.steps.StepInterceptor.intercept(StepInterceptor.java:75)
	at proyecto3.task.Check$ByteBuddy$J4MFqCK1.performAs(Unknown Source)
	at net.serenitybdd.screenplay.Actor.performTask(Actor.java:233)
	at net.serenitybdd.screenplay.Actor.perform(Actor.java:214)
	at net.serenitybdd.screenplay.Actor.attemptsTo(Actor.java:171)
	at proyecto3.stepdefinitions.UtestStepDefinitions.heCanLogIn(UtestStepDefinitions.java:65)
	at ✽.he can log in email(src/test/resources/features/uTest.feature:19)
Caused by: org.openqa.selenium.TimeoutException: Expected condition failed: waiting for By.xpath: //div[@class='unauthenticated-nav-bar__links navbar-right hidden-sm hidden-xs']//a[contains(text(),'Log In')] to be enabled (tried for 5 second(s) with 100 milliseconds interval)
	at org.openqa.selenium.support.ui.FluentWait.timeoutException(FluentWait.java:304)
	at org.openqa.selenium.support.ui.FluentWait.until(FluentWait.java:272)
	at net.serenitybdd.core.pages.WebElementFacadeImpl.waitUntilEnabled(WebElementFacadeImpl.java:1146)
	at net.serenitybdd.core.pages.WebElementFacadeImpl.waitUntilElementAvailable(WebElementFacadeImpl.java:954)
	at net.serenitybdd.core.pages.WebElementFacadeImpl.click(WebElementFacadeImpl.java:1229)
	at net.serenitybdd.screenplay.actions.ClickOnTarget.performAs(ClickOnTarget.java:13)
	at net.serenitybdd.screenplay.actions.ClickOnTarget$ByteBuddy$Hh9TnTWp.performAs$accessor$AODXGr5g(Unknown Source)
	at sun.reflect.NativeMethodAccessorImpl.invoke0(Native Method)
	at sun.reflect.NativeMethodAccessorImpl.invoke(NativeMethodAccessorImpl.java:62)
	at sun.reflect.DelegatingMethodAccessorImpl.invoke(DelegatingMethodAccessorImpl.java:43)
	at java.lang.reflect.Method.invoke(Method.java:498)
	at net.thucydides.core.steps.StepInterceptor.invokeMethod(StepInterceptor.java:471)
	at net.thucydides.core.steps.StepInterceptor.executeTestStepMethod(StepInterceptor.java:451)
	at net.thucydides.core.steps.StepInterceptor.runTestStep(StepInterceptor.java:424)
	at net.thucydides.core.steps.StepInterceptor.runOrSkipMethod(StepInterceptor.java:180)
	at net.thucydides.core.steps.StepInterceptor.testStepResult(StepInterceptor.java:167)
	at net.thucydides.core.steps.StepInterceptor.intercept(StepInterceptor.java:75)
	at net.serenitybdd.screenplay.actions.ClickOnTarget$ByteBuddy$Hh9TnTWp.performAs(Unknown Source)
	at net.serenitybdd.screenplay.Actor.performTask(Actor.java:233)
	at net.serenitybdd.screenplay.Actor.perform(Actor.java:214)
	at net.serenitybdd.screenplay.Actor.attemptsTo(Actor.java:171)
	at proyecto3.task.Check.performAs(Check.java:27)
	at proyecto3.task.Check$ByteBuddy$J4MFqCK1.performAs$accessor$W15Kehyd(Unknown Source)
	at sun.reflect.NativeMethodAccessorImpl.invoke0(Native Method)
	at sun.reflect.NativeMethodAccessorImpl.invoke(NativeMethodAccessorImpl.java:62)
	at sun.reflect.DelegatingMethodAccessorImpl.invoke(DelegatingMethodAccessorImpl.java:43)
	at java.lang.reflect.Method.invoke(Method.java:498)
	at net.thucydides.core.steps.StepInterceptor.invokeMethod(StepInterceptor.java:471)
	at net.thucydides.core.steps.StepInterceptor.executeTestStepMethod(StepInterceptor.java:451)
	at net.thucydides.core.steps.StepInterceptor.runTestStep(StepInterceptor.java:424)
	at net.thucydides.core.steps.StepInterceptor.runOrSkipMethod(StepInterceptor.java:180)
	at net.thucydides.core.steps.StepInterceptor.testStepResult(StepInterceptor.java:167)
	at net.thucydides.core.steps.StepInterceptor.intercept(StepInterceptor.java:75)
	at proyecto3.task.Check$ByteBuddy$J4MFqCK1.performAs(Unknown Source)
	at net.serenitybdd.screenplay.Actor.performTask(Actor.java:233)
	at net.serenitybdd.screenplay.Actor.perform(Actor.java:214)
	at net.serenitybdd.screenplay.Actor.attemptsTo(Actor.java:171)
	at proyecto3.stepdefinitions.UtestStepDefinitions.heCanLogIn(UtestStepDefinitions.java:65)
	at sun.reflect.NativeMethodAccessorImpl.invoke0(Native Method)
	at sun.reflect.NativeMethodAccessorImpl.invoke(NativeMethodAccessorImpl.java:62)
	at sun.reflect.DelegatingMethodAccessorImpl.invoke(DelegatingMethodAccessorImpl.java:43)
	at java.lang.reflect.Method.invoke(Method.java:498)
	at cucumber.runtime.Utils$1.call(Utils.java:31)
	at cucumber.runtime.Timeout.timeout(Timeout.java:16)
	at cucumber.runtime.Utils.invoke(Utils.java:25)
	at cucumber.runtime.java.JavaStepDefinition.execute(JavaStepDefinition.java:37)
	at cucumber.runtime.StepDefinitionMatch.runStep(StepDefinitionMatch.java:40)
	at cucumber.api.TestStep.executeStep(TestStep.java:102)
	at cucumber.api.TestStep.run(TestStep.java:83)
	at cucumber.api.TestCase.run(TestCase.java:58)
	at cucumber.runner.Runner.runPickle(Runner.java:80)
	at cucumber.runtime.junit.PickleRunners$NoStepDescriptions.run(PickleRunners.java:140)
	at cucumber.runtime.junit.FeatureRunner.runChild(FeatureRunner.java:68)
	at cucumber.runtime.junit.FeatureRunner.runChild(FeatureRunner.java:23)
	at org.junit.runners.ParentRunner$3.run(ParentRunner.java:290)
	at org.junit.runners.ParentRunner$1.schedule(ParentRunner.java:71)
	at org.junit.runners.ParentRunner.runChildren(ParentRunner.java:288)
	at org.junit.runners.ParentRunner.access$000(ParentRunner.java:58)
	at org.junit.runners.ParentRunner$2.evaluate(ParentRunner.java:268)
	at org.junit.runners.ParentRunner.run(ParentRunner.java:363)
	at cucumber.runtime.junit.FeatureRunner.run(FeatureRunner.java:73)
	at cucumber.api.junit.Cucumber.runChild(Cucumber.java:118)
	at cucumber.api.junit.Cucumber.runChild(Cucumber.java:56)
	at org.junit.runners.ParentRunner$3.run(ParentRunner.java:290)
	at org.junit.runners.ParentRunner$1.schedule(ParentRunner.java:71)
	at org.junit.runners.ParentRunner.runChildren(ParentRunner.java:288)
	at org.junit.runners.ParentRunner.access$000(ParentRunner.java:58)
	at org.junit.runners.ParentRunner$2.evaluate(ParentRunner.java:268)
	at cucumber.api.junit.Cucumber$1.evaluate(Cucumber.java:127)
	at org.junit.runners.ParentRunner.run(ParentRunner.java:363)
	at org.gradle.api.internal.tasks.testing.junit.JUnitTestClassExecutor.runTestClass(JUnitTestClassExecutor.java:110)
	at org.gradle.api.internal.tasks.testing.junit.JUnitTestClassExecutor.execute(JUnitTestClassExecutor.java:58)
	at org.gradle.api.internal.tasks.testing.junit.JUnitTestClassExecutor.execute(JUnitTestClassExecutor.java:38)
	at org.gradle.api.internal.tasks.testing.junit.AbstractJUnitTestClassProcessor.processTestClass(AbstractJUnitTestClassProcessor.java:62)
	at org.gradle.api.internal.tasks.testing.SuiteTestClassProcessor.processTestClass(SuiteTestClassProcessor.java:51)
	at sun.reflect.NativeMethodAccessorImpl.invoke0(Native Method)
	at sun.reflect.NativeMethodAccessorImpl.invoke(NativeMethodAccessorImpl.java:62)
	at sun.reflect.DelegatingMethodAccessorImpl.invoke(DelegatingMethodAccessorImpl.java:43)
	at java.lang.reflect.Method.invoke(Method.java:498)
	at org.gradle.internal.dispatch.ReflectionDispatch.dispatch(ReflectionDispatch.java:36)
	at org.gradle.internal.dispatch.ReflectionDispatch.dispatch(ReflectionDispatch.java:24)
	at org.gradle.internal.dispatch.ContextClassLoaderDispatch.dispatch(ContextClassLoaderDispatch.java:33)
	at org.gradle.internal.dispatch.ProxyDispatchAdapter$DispatchingInvocationHandler.invoke(ProxyDispatchAdapter.java:94)
	at com.sun.proxy.$Proxy2.processTestClass(Unknown Source)
	at org.gradle.api.internal.tasks.testing.worker.TestWorker.processTestClass(TestWorker.java:119)
	at sun.reflect.NativeMethodAccessorImpl.invoke0(Native Method)
	at sun.reflect.NativeMethodAccessorImpl.invoke(NativeMethodAccessorImpl.java:62)
	at sun.reflect.DelegatingMethodAccessorImpl.invoke(DelegatingMethodAccessorImpl.java:43)
	at java.lang.reflect.Method.invoke(Method.java:498)
	at org.gradle.internal.dispatch.ReflectionDispatch.dispatch(ReflectionDispatch.java:36)
	at org.gradle.internal.dispatch.ReflectionDispatch.dispatch(ReflectionDispatch.java:24)
	at org.gradle.internal.remote.internal.hub.MessageHubBackedObjectConnection$DispatchWrapper.dispatch(MessageHubBackedObjectConnection.java:182)
	at org.gradle.internal.remote.internal.hub.MessageHubBackedObjectConnection$DispatchWrapper.dispatch(MessageHubBackedObjectConnection.java:164)
	at org.gradle.internal.remote.internal.hub.MessageHub$Handler.run(MessageHub.java:414)
	at org.gradle.internal.concurrent.ExecutorPolicy$CatchAndRecordFailures.onExecute(ExecutorPolicy.java:64)
	at org.gradle.internal.concurrent.ManagedExecutorImpl$1.run(ManagedExecutorImpl.java:48)
	at java.util.concurrent.ThreadPoolExecutor.runWorker(ThreadPoolExecutor.java:1149)
	at java.util.concurrent.ThreadPoolExecutor$Worker.run(ThreadPoolExecutor.java:624)
	at org.gradle.internal.concurrent.ThreadFactoryImpl$ManagedThreadRunnable.run(ThreadFactoryImpl.java:56)
	at java.lang.Thread.run(Thread.java:748)
Caused by: org.openqa.selenium.NoSuchElementException: no such element: Unable to locate element: {&quot;method&quot;:&quot;xpath&quot;,&quot;selector&quot;:&quot;//div[@class='unauthenticated-nav-bar__links navbar-right hidden-sm hidden-xs']//a[contains(text(),'Log In')]&quot;}
  (Session info: chrome=88.0.4324.182)
For documentation on this error, please visit: https://www.seleniumhq.org/exceptions/no_such_element.html
Build info: version: '3.141.59', revision: 'e82be7d358', time: '2018-11-14T08:17:03'
System info: host: 'DESKTOP-CURJO95', ip: '192.168.56.1', os.name: 'Windows 10', os.arch: 'amd64', os.version: '10.0', java.version: '1.8.0_221'
Driver info: org.openqa.selenium.chrome.ChromeDriver
Capabilities {acceptInsecureCerts: false, browserName: chrome, browserVersion: 88.0.4324.182, chrome: {chromedriverVersion: 88.0.4324.96 (68dba2d8a0b14..., userDataDir: C:\Users\ASUS\AppData\Local...}, goog:chromeOptions: {debuggerAddress: localhost:51014}, javascriptEnabled: true, networkConnectionEnabled: false, pageLoadStrategy: normal, platform: WINDOWS, platformName: WINDOWS, proxy: Proxy(), setWindowRect: true, strictFileInteractability: false, timeouts: {implicit: 0, pageLoad: 300000, script: 30000}, unhandledPromptBehavior: dismiss and notify, webauthn:extension:largeBlob: true, webauthn:virtualAuthenticators: true}
Session ID: 5f1ed40255f48b45401a4e1dfc8ff706
*** Element info: {Using=xpath, value=//div[@class='unauthenticated-nav-bar__links navbar-right hidden-sm hidden-xs']//a[contains(text(),'Log In')]}
	at sun.reflect.NativeConstructorAccessorImpl.newInstance0(Native Method)
	at sun.reflect.NativeConstructorAccessorImpl.newInstance(NativeConstructorAccessorImpl.java:62)
	at sun.reflect.DelegatingConstructorAccessorImpl.newInstance(DelegatingConstructorAccessorImpl.java:45)
	at java.lang.reflect.Constructor.newInstance(Constructor.java:423)
	at org.openqa.selenium.remote.http.W3CHttpResponseCodec.createException(W3CHttpResponseCodec.java:187)
	at org.openqa.selenium.remote.http.W3CHttpResponseCodec.decode(W3CHttpResponseCodec.java:122)
	at org.openqa.selenium.remote.http.W3CHttpResponseCodec.decode(W3CHttpResponseCodec.java:49)
	at org.openqa.selenium.remote.HttpCommandExecutor.execute(HttpCommandExecutor.java:158)
	at org.openqa.selenium.remote.service.DriverCommandExecutor.execute(DriverCommandExecutor.java:83)
	at org.openqa.selenium.remote.RemoteWebDriver.execute(RemoteWebDriver.java:552)
	at org.openqa.selenium.remote.RemoteWebDriver.findElement(RemoteWebDriver.java:323)
	at org.openqa.selenium.remote.RemoteWebDriver.findElementByXPath(RemoteWebDriver.java:428)
	at org.openqa.selenium.By$ByXPath.findElement(By.java:353)
	at org.openqa.selenium.remote.RemoteWebDriver.findElement(RemoteWebDriver.java:315)
	at net.thucydides.core.webdriver.WebDriverFacade.findElement(WebDriverFacade.java:222)
	at net.serenitybdd.core.pages.WebElementResolverByLocator.resolveForDriver(WebElementResolverByLocator.java:18)
	at net.serenitybdd.core.pages.WebElementFacadeImpl.getElement(WebElementFacadeImpl.java:221)
	at net.serenitybdd.core.pages.WebElementExpectations$3.apply(WebElementExpectations.java:63)
	at net.serenitybdd.core.pages.WebElementExpectations$3.apply(WebElementExpectations.java:55)
	at org.openqa.selenium.support.ui.FluentWait.until(FluentWait.java:249)
	... 98 more
</failure>
  </testcase>
  <system-out><![CDATA[]]></system-out>
  <system-err><![CDATA[[Test worker] WARN net.thucydides.core.steps.BaseStepListener - stepStarted: net.thucydides.core.steps.ExecutedStepDescription@5eb7bcd3
[Test worker] WARN net.thucydides.core.steps.BaseStepListener - stepStarted: net.thucydides.core.steps.ExecutedStepDescription@22bfce72
[Test worker] WARN net.thucydides.core.steps.BaseStepListener - stepStarted: net.thucydides.core.steps.ExecutedStepDescription@5f0e7713
feb 24, 2021 10:34:31 AM org.openqa.selenium.remote.DesiredCapabilities chrome
INFORMACIÓN: Using `new ChromeOptions()` is preferred to `DesiredCapabilities.chrome()`
[Test worker] INFO net.serenitybdd.core.webdriver.driverproviders.ProvideNewDriver - Instantiating driver
[Test worker] INFO net.serenitybdd.core.webdriver.driverproviders.ProvideNewDriver - Driver capabilities: Capabilities {acceptInsecureCerts: false, browserName: chrome, chrome.switches: --start-maximized;--test-ty..., goog:chromeOptions: {args: [--start-maximized, --test-type, --no-sandbox, --ignore-certificate-errors..., --disable-popup-blocking, --disable-default-apps, --disable-extensions-file-a..., --incognito, --disable-infobars, --disable-gpu], extensions: []}, loggingPrefs: org.openqa.selenium.logging..., platform: ANY, version: }
Starting ChromeDriver 88.0.4324.96 (68dba2d8a0b149a1d3afac56fa74648032bcf46b-refs/branch-heads/4324@{#1784}) on port 18535
Only local connections are allowed.
Please see https://chromedriver.chromium.org/security-considerations for suggestions on keeping ChromeDriver safe.
ChromeDriver was started successfully.
feb 24, 2021 10:34:34 AM org.openqa.selenium.remote.ProtocolHandshake createSession
INFORMACIÓN: Detected dialect: W3C
[Test worker] WARN net.thucydides.core.steps.BaseStepListener - stepFinished: current outcome:Create new user on uTest page:Given Andres wants to fill out a form to register [Andres open up [Andres opens the Utest page]]
[Test worker] WARN net.thucydides.core.steps.BaseStepListener - stepFinished: current outcome:Create new user on uTest page:Given Andres wants to fill out a form to register [Andres open up [Andres opens the Utest page]]
[Test worker] WARN net.thucydides.core.steps.BaseStepListener - stepFinished: current outcome:Create new user on uTest page:Given Andres wants to fill out a form to register [Andres open up [Andres opens the Utest page]]
[Test worker] WARN net.thucydides.core.steps.BaseStepListener - stepStarted: net.thucydides.core.steps.ExecutedStepDescription@298639be
[Test worker] WARN net.thucydides.core.steps.BaseStepListener - stepStarted: net.thucydides.core.steps.ExecutedStepDescription@55fea10e
[Test worker] WARN net.thucydides.core.steps.BaseStepListener - stepStarted: net.thucydides.core.steps.ExecutedStepDescription@5eeaa5e4
[Test worker] WARN net.thucydides.core.steps.BaseStepListener - stepFinished: current outcome:Create new user on uTest page:Given Andres wants to fill out a form to register [Andres open up [Andres opens the Utest page]], When I have entered the form and fill out the first part
| strName | strLastname | strEmail | strMonth | strDay | strYear |
| Andres | Rojas | andres20ka@gmail.com | April | 20 | 2000 | [Andres first part [Andres clicks on Click para iniciar el formulario]]
[Test worker] WARN net.thucydides.core.steps.BaseStepListener - stepStarted: net.thucydides.core.steps.ExecutedStepDescription@1d610cf4
[Test worker] WARN net.thucydides.core.steps.BaseStepListener - stepFinished: current outcome:Create new user on uTest page:Given Andres wants to fill out a form to register [Andres open up [Andres opens the Utest page]], When I have entered the form and fill out the first part
| strName | strLastname | strEmail | strMonth | strDay | strYear |
| Andres | Rojas | andres20ka@gmail.com | April | 20 | 2000 | [Andres first part [Andres clicks on Click para iniciar el formulario, Andres enters 'Andres' into Digitamos el nombre]]
[Test worker] WARN net.thucydides.core.steps.BaseStepListener - stepStarted: net.thucydides.core.steps.ExecutedStepDescription@571dadcd
[Test worker] WARN net.thucydides.core.steps.BaseStepListener - stepFinished: current outcome:Create new user on uTest page:Given Andres wants to fill out a form to register [Andres open up [Andres opens the Utest page]], When I have entered the form and fill out the first part
| strName | strLastname | strEmail | strMonth | strDay | strYear |
| Andres | Rojas | andres20ka@gmail.com | April | 20 | 2000 | [Andres first part [Andres clicks on Click para iniciar el formulario, Andres enters 'Andres' into Digitamos el nombre, Andres enters 'Rojas' into Digitamos el apellido]]
[Test worker] WARN net.thucydides.core.steps.BaseStepListener - stepStarted: net.thucydides.core.steps.ExecutedStepDescription@23079332
[Test worker] WARN net.thucydides.core.steps.BaseStepListener - stepFinished: current outcome:Create new user on uTest page:Given Andres wants to fill out a form to register [Andres open up [Andres opens the Utest page]], When I have entered the form and fill out the first part
| strName | strLastname | strEmail | strMonth | strDay | strYear |
| Andres | Rojas | andres20ka@gmail.com | April | 20 | 2000 | [Andres first part [Andres clicks on Click para iniciar el formulario, Andres enters 'Andres' into Digitamos el nombre, Andres enters 'Rojas' into Digitamos el apellido, Andres enters 'andres20ka@gmail.com' into Digitamos el correo]]
[Test worker] WARN net.thucydides.core.steps.BaseStepListener - stepStarted: net.thucydides.core.steps.ExecutedStepDescription@31f32dde
[Test worker] WARN net.thucydides.core.steps.BaseStepListener - stepFinished: current outcome:Create new user on uTest page:Given Andres wants to fill out a form to register [Andres open up [Andres opens the Utest page]], When I have entered the form and fill out the first part
| strName | strLastname | strEmail | strMonth | strDay | strYear |
| Andres | Rojas | andres20ka@gmail.com | April | 20 | 2000 | [Andres first part [Andres clicks on Click para iniciar el formulario, Andres enters 'Andres' into Digitamos el nombre, Andres enters 'Rojas' into Digitamos el apellido, Andres enters 'andres20ka@gmail.com' into Digitamos el correo, Andres select April on Escogemos el mes]]
[Test worker] WARN net.thucydides.core.steps.BaseStepListener - stepStarted: net.thucydides.core.steps.ExecutedStepDescription@28692add
[Test worker] WARN net.thucydides.core.steps.BaseStepListener - stepFinished: current outcome:Create new user on uTest page:Given Andres wants to fill out a form to register [Andres open up [Andres opens the Utest page]], When I have entered the form and fill out the first part
| strName | strLastname | strEmail | strMonth | strDay | strYear |
| Andres | Rojas | andres20ka@gmail.com | April | 20 | 2000 | [Andres first part [Andres clicks on Click para iniciar el formulario, Andres enters 'Andres' into Digitamos el nombre, Andres enters 'Rojas' into Digitamos el apellido, Andres enters 'andres20ka@gmail.com' into Digitamos el correo, Andres select April on Escogemos el mes, Andres select 20 on Escogemos el dia]]
[Test worker] WARN net.thucydides.core.steps.BaseStepListener - stepStarted: net.thucydides.core.steps.ExecutedStepDescription@1251aeff
[Test worker] WARN net.thucydides.core.steps.BaseStepListener - stepFinished: current outcome:Create new user on uTest page:Given Andres wants to fill out a form to register [Andres open up [Andres opens the Utest page]], When I have entered the form and fill out the first part
| strName | strLastname | strEmail | strMonth | strDay | strYear |
| Andres | Rojas | andres20ka@gmail.com | April | 20 | 2000 | [Andres first part [Andres clicks on Click para iniciar el formulario, Andres enters 'Andres' into Digitamos el nombre, Andres enters 'Rojas' into Digitamos el apellido, Andres enters 'andres20ka@gmail.com' into Digitamos el correo, Andres select April on Escogemos el mes, Andres select 20 on Escogemos el dia, Andres select 2000 on Escogemos el año]]
[Test worker] WARN net.thucydides.core.steps.BaseStepListener - stepStarted: net.thucydides.core.steps.ExecutedStepDescription@77a5f025
[Test worker] WARN net.thucydides.core.steps.BaseStepListener - stepFinished: current outcome:Create new user on uTest page:Given Andres wants to fill out a form to register [Andres open up [Andres opens the Utest page]], When I have entered the form and fill out the first part
| strName | strLastname | strEmail | strMonth | strDay | strYear |
| Andres | Rojas | andres20ka@gmail.com | April | 20 | 2000 | [Andres first part [Andres clicks on Click para iniciar el formulario, Andres enters 'Andres' into Digitamos el nombre, Andres enters 'Rojas' into Digitamos el apellido, Andres enters 'andres20ka@gmail.com' into Digitamos el correo, Andres select April on Escogemos el mes, Andres select 20 on Escogemos el dia, Andres select 2000 on Escogemos el año, Andres clicks on Siguiente parte]]
[Test worker] WARN net.thucydides.core.steps.BaseStepListener - stepFinished: current outcome:Create new user on uTest page:Given Andres wants to fill out a form to register [Andres open up [Andres opens the Utest page]], When I have entered the form and fill out the first part
| strName | strLastname | strEmail | strMonth | strDay | strYear |
| Andres | Rojas | andres20ka@gmail.com | April | 20 | 2000 | [Andres first part [Andres clicks on Click para iniciar el formulario, Andres enters 'Andres' into Digitamos el nombre, Andres enters 'Rojas' into Digitamos el apellido, Andres enters 'andres20ka@gmail.com' into Digitamos el correo, Andres select April on Escogemos el mes, Andres select 20 on Escogemos el dia, Andres select 2000 on Escogemos el año, Andres clicks on Siguiente parte]]
[Test worker] WARN net.thucydides.core.steps.BaseStepListener - stepFinished: current outcome:Create new user on uTest page:Given Andres wants to fill out a form to register [Andres open up [Andres opens the Utest page]], When I have entered the form and fill out the first part
| strName | strLastname | strEmail | strMonth | strDay | strYear |
| Andres | Rojas | andres20ka@gmail.com | April | 20 | 2000 | [Andres first part [Andres clicks on Click para iniciar el formulario, Andres enters 'Andres' into Digitamos el nombre, Andres enters 'Rojas' into Digitamos el apellido, Andres enters 'andres20ka@gmail.com' into Digitamos el correo, Andres select April on Escogemos el mes, Andres select 20 on Escogemos el dia, Andres select 2000 on Escogemos el año, Andres clicks on Siguiente parte]]
[Test worker] WARN net.thucydides.core.steps.BaseStepListener - stepStarted: net.thucydides.core.steps.ExecutedStepDescription@14d58a95
[Test worker] WARN net.thucydides.core.steps.BaseStepListener - stepStarted: net.thucydides.core.steps.ExecutedStepDescription@4c129487
[Test worker] WARN net.thucydides.core.steps.BaseStepListener - stepStarted: net.thucydides.core.steps.ExecutedStepDescription@4bf2709b
[Test worker] WARN net.thucydides.core.steps.BaseStepListener - stepFinished: current outcome:Create new user on uTest page:Given Andres wants to fill out a form to register [Andres open up [Andres opens the Utest page]], When I have entered the form and fill out the first part
| strName | strLastname | strEmail | strMonth | strDay | strYear |
| Andres | Rojas | andres20ka@gmail.com | April | 20 | 2000 | [Andres first part [Andres clicks on Click para iniciar el formulario, Andres enters 'Andres' into Digitamos el nombre, Andres enters 'Rojas' into Digitamos el apellido, Andres enters 'andres20ka@gmail.com' into Digitamos el correo, Andres select April on Escogemos el mes, Andres select 20 on Escogemos el dia, Andres select 2000 on Escogemos el año, Andres clicks on Siguiente parte]], When he fill out the second part of the form ciudad
| strCity | strZipCode |
| Limari | 78520 | [Andres second part [Andres enters 'Limari' into Escogiendo Ciudad]]
[Test worker] WARN net.thucydides.core.steps.BaseStepListener - stepStarted: net.thucydides.core.steps.ExecutedStepDescription@2f2d4387
[Test worker] WARN net.thucydides.core.steps.BaseStepListener - stepFinished: current outcome:Create new user on uTest page:Given Andres wants to fill out a form to register [Andres open up [Andres opens the Utest page]], When I have entered the form and fill out the first part
| strName | strLastname | strEmail | strMonth | strDay | strYear |
| Andres | Rojas | andres20ka@gmail.com | April | 20 | 2000 | [Andres first part [Andres clicks on Click para iniciar el formulario, Andres enters 'Andres' into Digitamos el nombre, Andres enters 'Rojas' into Digitamos el apellido, Andres enters 'andres20ka@gmail.com' into Digitamos el correo, Andres select April on Escogemos el mes, Andres select 20 on Escogemos el dia, Andres select 2000 on Escogemos el año, Andres clicks on Siguiente parte]], When he fill out the second part of the form ciudad
| strCity | strZipCode |
| Limari | 78520 | [Andres second part [Andres enters 'Limari' into Escogiendo Ciudad, Andres types 'DOWN' in Escogiendo Ciudad]]
[Test worker] WARN net.thucydides.core.steps.BaseStepListener - stepStarted: net.thucydides.core.steps.ExecutedStepDescription@10feef8e
[Test worker] WARN net.thucydides.core.steps.BaseStepListener - stepFinished: current outcome:Create new user on uTest page:Given Andres wants to fill out a form to register [Andres open up [Andres opens the Utest page]], When I have entered the form and fill out the first part
| strName | strLastname | strEmail | strMonth | strDay | strYear |
| Andres | Rojas | andres20ka@gmail.com | April | 20 | 2000 | [Andres first part [Andres clicks on Click para iniciar el formulario, Andres enters 'Andres' into Digitamos el nombre, Andres enters 'Rojas' into Digitamos el apellido, Andres enters 'andres20ka@gmail.com' into Digitamos el correo, Andres select April on Escogemos el mes, Andres select 20 on Escogemos el dia, Andres select 2000 on Escogemos el año, Andres clicks on Siguiente parte]], When he fill out the second part of the form ciudad
| strCity | strZipCode |
| Limari | 78520 | [Andres second part [Andres enters 'Limari' into Escogiendo Ciudad, Andres types 'DOWN' in Escogiendo Ciudad, Andres types 'ENTER' in Escogiendo Ciudad]]
[Test worker] WARN net.thucydides.core.steps.BaseStepListener - stepStarted: net.thucydides.core.steps.ExecutedStepDescription@4b9eb232
[Test worker] WARN net.thucydides.core.steps.BaseStepListener - stepFinished: current outcome:Create new user on uTest page:Given Andres wants to fill out a form to register [Andres open up [Andres opens the Utest page]], When I have entered the form and fill out the first part
| strName | strLastname | strEmail | strMonth | strDay | strYear |
| Andres | Rojas | andres20ka@gmail.com | April | 20 | 2000 | [Andres first part [Andres clicks on Click para iniciar el formulario, Andres enters 'Andres' into Digitamos el nombre, Andres enters 'Rojas' into Digitamos el apellido, Andres enters 'andres20ka@gmail.com' into Digitamos el correo, Andres select April on Escogemos el mes, Andres select 20 on Escogemos el dia, Andres select 2000 on Escogemos el año, Andres clicks on Siguiente parte]], When he fill out the second part of the form ciudad
| strCity | strZipCode |
| Limari | 78520 | [Andres second part [Andres enters 'Limari' into Escogiendo Ciudad, Andres types 'DOWN' in Escogiendo Ciudad, Andres types 'ENTER' in Escogiendo Ciudad, Andres enters '78520' into Escogiendo Codigo Postal]]
[Test worker] WARN net.thucydides.core.steps.BaseStepListener - stepStarted: net.thucydides.core.steps.ExecutedStepDescription@ef56858
[Test worker] WARN net.thucydides.core.steps.BaseStepListener - stepFinished: current outcome:Create new user on uTest page:Given Andres wants to fill out a form to register [Andres open up [Andres opens the Utest page]], When I have entered the form and fill out the first part
| strName | strLastname | strEmail | strMonth | strDay | strYear |
| Andres | Rojas | andres20ka@gmail.com | April | 20 | 2000 | [Andres first part [Andres clicks on Click para iniciar el formulario, Andres enters 'Andres' into Digitamos el nombre, Andres enters 'Rojas' into Digitamos el apellido, Andres enters 'andres20ka@gmail.com' into Digitamos el correo, Andres select April on Escogemos el mes, Andres select 20 on Escogemos el dia, Andres select 2000 on Escogemos el año, Andres clicks on Siguiente parte]], When he fill out the second part of the form ciudad
| strCity | strZipCode |
| Limari | 78520 | [Andres second part [Andres enters 'Limari' into Escogiendo Ciudad, Andres types 'DOWN' in Escogiendo Ciudad, Andres types 'ENTER' in Escogiendo Ciudad, Andres enters '78520' into Escogiendo Codigo Postal, Andres clicks on Siguiente parte]]
[Test worker] WARN net.thucydides.core.steps.BaseStepListener - stepFinished: current outcome:Create new user on uTest page:Given Andres wants to fill out a form to register [Andres open up [Andres opens the Utest page]], When I have entered the form and fill out the first part
| strName | strLastname | strEmail | strMonth | strDay | strYear |
| Andres | Rojas | andres20ka@gmail.com | April | 20 | 2000 | [Andres first part [Andres clicks on Click para iniciar el formulario, Andres enters 'Andres' into Digitamos el nombre, Andres enters 'Rojas' into Digitamos el apellido, Andres enters 'andres20ka@gmail.com' into Digitamos el correo, Andres select April on Escogemos el mes, Andres select 20 on Escogemos el dia, Andres select 2000 on Escogemos el año, Andres clicks on Siguiente parte]], When he fill out the second part of the form ciudad
| strCity | strZipCode |
| Limari | 78520 | [Andres second part [Andres enters 'Limari' into Escogiendo Ciudad, Andres types 'DOWN' in Escogiendo Ciudad, Andres types 'ENTER' in Escogiendo Ciudad, Andres enters '78520' into Escogiendo Codigo Postal, Andres clicks on Siguiente parte]]
[Test worker] WARN net.thucydides.core.steps.BaseStepListener - stepFinished: current outcome:Create new user on uTest page:Given Andres wants to fill out a form to register [Andres open up [Andres opens the Utest page]], When I have entered the form and fill out the first part
| strName | strLastname | strEmail | strMonth | strDay | strYear |
| Andres | Rojas | andres20ka@gmail.com | April | 20 | 2000 | [Andres first part [Andres clicks on Click para iniciar el formulario, Andres enters 'Andres' into Digitamos el nombre, Andres enters 'Rojas' into Digitamos el apellido, Andres enters 'andres20ka@gmail.com' into Digitamos el correo, Andres select April on Escogemos el mes, Andres select 20 on Escogemos el dia, Andres select 2000 on Escogemos el año, Andres clicks on Siguiente parte]], When he fill out the second part of the form ciudad
| strCity | strZipCode |
| Limari | 78520 | [Andres second part [Andres enters 'Limari' into Escogiendo Ciudad, Andres types 'DOWN' in Escogiendo Ciudad, Andres types 'ENTER' in Escogiendo Ciudad, Andres enters '78520' into Escogiendo Codigo Postal, Andres clicks on Siguiente parte]]
[Test worker] WARN net.thucydides.core.steps.BaseStepListener - stepStarted: net.thucydides.core.steps.ExecutedStepDescription@5730ecd8
[Test worker] WARN net.thucydides.core.steps.BaseStepListener - stepStarted: net.thucydides.core.steps.ExecutedStepDescription@360137c0
[Test worker] WARN net.thucydides.core.steps.BaseStepListener - stepStarted: net.thucydides.core.steps.ExecutedStepDescription@71ff8bc0
[Test worker] WARN net.thucydides.core.steps.BaseStepListener - stepFinished: current outcome:Create new user on uTest page:Given Andres wants to fill out a form to register [Andres open up [Andres opens the Utest page]], When I have entered the form and fill out the first part
| strName | strLastname | strEmail | strMonth | strDay | strYear |
| Andres | Rojas | andres20ka@gmail.com | April | 20 | 2000 | [Andres first part [Andres clicks on Click para iniciar el formulario, Andres enters 'Andres' into Digitamos el nombre, Andres enters 'Rojas' into Digitamos el apellido, Andres enters 'andres20ka@gmail.com' into Digitamos el correo, Andres select April on Escogemos el mes, Andres select 20 on Escogemos el dia, Andres select 2000 on Escogemos el año, Andres clicks on Siguiente parte]], When he fill out the second part of the form ciudad
| strCity | strZipCode |
| Limari | 78520 | [Andres second part [Andres enters 'Limari' into Escogiendo Ciudad, Andres types 'DOWN' in Escogiendo Ciudad, Andres types 'ENTER' in Escogiendo Ciudad, Andres enters '78520' into Escogiendo Codigo Postal, Andres clicks on Siguiente parte]], When he fill out the third part of the form mobile
| strMobile | strModel | strSo |
| Apple | iPhone 3GS | iOS 3.0 | [Andres third part [Andres clicks on Abrimos para escoger el celular]]
[Test worker] WARN net.thucydides.core.steps.BaseStepListener - stepStarted: net.thucydides.core.steps.ExecutedStepDescription@5d033088
[Test worker] WARN net.thucydides.core.steps.BaseStepListener - stepFinished: current outcome:Create new user on uTest page:Given Andres wants to fill out a form to register [Andres open up [Andres opens the Utest page]], When I have entered the form and fill out the first part
| strName | strLastname | strEmail | strMonth | strDay | strYear |
| Andres | Rojas | andres20ka@gmail.com | April | 20 | 2000 | [Andres first part [Andres clicks on Click para iniciar el formulario, Andres enters 'Andres' into Digitamos el nombre, Andres enters 'Rojas' into Digitamos el apellido, Andres enters 'andres20ka@gmail.com' into Digitamos el correo, Andres select April on Escogemos el mes, Andres select 20 on Escogemos el dia, Andres select 2000 on Escogemos el año, Andres clicks on Siguiente parte]], When he fill out the second part of the form ciudad
| strCity | strZipCode |
| Limari | 78520 | [Andres second part [Andres enters 'Limari' into Escogiendo Ciudad, Andres types 'DOWN' in Escogiendo Ciudad, Andres types 'ENTER' in Escogiendo Ciudad, Andres enters '78520' into Escogiendo Codigo Postal, Andres clicks on Siguiente parte]], When he fill out the third part of the form mobile
| strMobile | strModel | strSo |
| Apple | iPhone 3GS | iOS 3.0 | [Andres third part [Andres clicks on Abrimos para escoger el celular, Andres clicks on //ul[@class='ui-select-choices ui-select-choices-content ui-select-dropdown dropdown-menu']//span[@class='ui-select-choices-row-inner']//div[contains(text(),'Apple')]]]
[Test worker] WARN net.thucydides.core.steps.BaseStepListener - stepStarted: net.thucydides.core.steps.ExecutedStepDescription@be4daa6
[Test worker] WARN net.thucydides.core.steps.BaseStepListener - stepFinished: current outcome:Create new user on uTest page:Given Andres wants to fill out a form to register [Andres open up [Andres opens the Utest page]], When I have entered the form and fill out the first part
| strName | strLastname | strEmail | strMonth | strDay | strYear |
| Andres | Rojas | andres20ka@gmail.com | April | 20 | 2000 | [Andres first part [Andres clicks on Click para iniciar el formulario, Andres enters 'Andres' into Digitamos el nombre, Andres enters 'Rojas' into Digitamos el apellido, Andres enters 'andres20ka@gmail.com' into Digitamos el correo, Andres select April on Escogemos el mes, Andres select 20 on Escogemos el dia, Andres select 2000 on Escogemos el año, Andres clicks on Siguiente parte]], When he fill out the second part of the form ciudad
| strCity | strZipCode |
| Limari | 78520 | [Andres second part [Andres enters 'Limari' into Escogiendo Ciudad, Andres types 'DOWN' in Escogiendo Ciudad, Andres types 'ENTER' in Escogiendo Ciudad, Andres enters '78520' into Escogiendo Codigo Postal, Andres clicks on Siguiente parte]], When he fill out the third part of the form mobile
| strMobile | strModel | strSo |
| Apple | iPhone 3GS | iOS 3.0 | [Andres third part [Andres clicks on Abrimos para escoger el celular, Andres clicks on //ul[@class='ui-select-choices ui-select-choices-content ui-select-dropdown dropdown-menu']//span[@class='ui-select-choices-row-inner']//div[contains(text(),'Apple')], Andres clicks on Abrimos para escoger el modelo]]
[Test worker] WARN net.thucydides.core.steps.BaseStepListener - stepStarted: net.thucydides.core.steps.ExecutedStepDescription@25c0daa5
[Test worker] WARN net.thucydides.core.steps.BaseStepListener - stepFinished: current outcome:Create new user on uTest page:Given Andres wants to fill out a form to register [Andres open up [Andres opens the Utest page]], When I have entered the form and fill out the first part
| strName | strLastname | strEmail | strMonth | strDay | strYear |
| Andres | Rojas | andres20ka@gmail.com | April | 20 | 2000 | [Andres first part [Andres clicks on Click para iniciar el formulario, Andres enters 'Andres' into Digitamos el nombre, Andres enters 'Rojas' into Digitamos el apellido, Andres enters 'andres20ka@gmail.com' into Digitamos el correo, Andres select April on Escogemos el mes, Andres select 20 on Escogemos el dia, Andres select 2000 on Escogemos el año, Andres clicks on Siguiente parte]], When he fill out the second part of the form ciudad
| strCity | strZipCode |
| Limari | 78520 | [Andres second part [Andres enters 'Limari' into Escogiendo Ciudad, Andres types 'DOWN' in Escogiendo Ciudad, Andres types 'ENTER' in Escogiendo Ciudad, Andres enters '78520' into Escogiendo Codigo Postal, Andres clicks on Siguiente parte]], When he fill out the third part of the form mobile
| strMobile | strModel | strSo |
| Apple | iPhone 3GS | iOS 3.0 | [Andres third part [Andres clicks on Abrimos para escoger el celular, Andres clicks on //ul[@class='ui-select-choices ui-select-choices-content ui-select-dropdown dropdown-menu']//span[@class='ui-select-choices-row-inner']//div[contains(text(),'Apple')], Andres clicks on Abrimos para escoger el modelo, Andres clicks on //ul[@class='ui-select-choices ui-select-choices-content ui-select-dropdown dropdown-menu']//span[@class='ui-select-choices-row-inner']//div[contains(text(),'iPhone 3GS')]]]
[Test worker] WARN net.thucydides.core.steps.BaseStepListener - stepStarted: net.thucydides.core.steps.ExecutedStepDescription@242b4842
[Test worker] WARN net.thucydides.core.steps.BaseStepListener - stepFinished: current outcome:Create new user on uTest page:Given Andres wants to fill out a form to register [Andres open up [Andres opens the Utest page]], When I have entered the form and fill out the first part
| strName | strLastname | strEmail | strMonth | strDay | strYear |
| Andres | Rojas | andres20ka@gmail.com | April | 20 | 2000 | [Andres first part [Andres clicks on Click para iniciar el formulario, Andres enters 'Andres' into Digitamos el nombre, Andres enters 'Rojas' into Digitamos el apellido, Andres enters 'andres20ka@gmail.com' into Digitamos el correo, Andres select April on Escogemos el mes, Andres select 20 on Escogemos el dia, Andres select 2000 on Escogemos el año, Andres clicks on Siguiente parte]], When he fill out the second part of the form ciudad
| strCity | strZipCode |
| Limari | 78520 | [Andres second part [Andres enters 'Limari' into Escogiendo Ciudad, Andres types 'DOWN' in Escogiendo Ciudad, Andres types 'ENTER' in Escogiendo Ciudad, Andres enters '78520' into Escogiendo Codigo Postal, Andres clicks on Siguiente parte]], When he fill out the third part of the form mobile
| strMobile | strModel | strSo |
| Apple | iPhone 3GS | iOS 3.0 | [Andres third part [Andres clicks on Abrimos para escoger el celular, Andres clicks on //ul[@class='ui-select-choices ui-select-choices-content ui-select-dropdown dropdown-menu']//span[@class='ui-select-choices-row-inner']//div[contains(text(),'Apple')], Andres clicks on Abrimos para escoger el modelo, Andres clicks on //ul[@class='ui-select-choices ui-select-choices-content ui-select-dropdown dropdown-menu']//span[@class='ui-select-choices-row-inner']//div[contains(text(),'iPhone 3GS')], Andres clicks on Abrimos para escoger el so]]
[Test worker] WARN net.thucydides.core.steps.BaseStepListener - stepStarted: net.thucydides.core.steps.ExecutedStepDescription@35ada07
[Test worker] WARN net.thucydides.core.steps.BaseStepListener - stepFinished: current outcome:Create new user on uTest page:Given Andres wants to fill out a form to register [Andres open up [Andres opens the Utest page]], When I have entered the form and fill out the first part
| strName | strLastname | strEmail | strMonth | strDay | strYear |
| Andres | Rojas | andres20ka@gmail.com | April | 20 | 2000 | [Andres first part [Andres clicks on Click para iniciar el formulario, Andres enters 'Andres' into Digitamos el nombre, Andres enters 'Rojas' into Digitamos el apellido, Andres enters 'andres20ka@gmail.com' into Digitamos el correo, Andres select April on Escogemos el mes, Andres select 20 on Escogemos el dia, Andres select 2000 on Escogemos el año, Andres clicks on Siguiente parte]], When he fill out the second part of the form ciudad
| strCity | strZipCode |
| Limari | 78520 | [Andres second part [Andres enters 'Limari' into Escogiendo Ciudad, Andres types 'DOWN' in Escogiendo Ciudad, Andres types 'ENTER' in Escogiendo Ciudad, Andres enters '78520' into Escogiendo Codigo Postal, Andres clicks on Siguiente parte]], When he fill out the third part of the form mobile
| strMobile | strModel | strSo |
| Apple | iPhone 3GS | iOS 3.0 | [Andres third part [Andres clicks on Abrimos para escoger el celular, Andres clicks on //ul[@class='ui-select-choices ui-select-choices-content ui-select-dropdown dropdown-menu']//span[@class='ui-select-choices-row-inner']//div[contains(text(),'Apple')], Andres clicks on Abrimos para escoger el modelo, Andres clicks on //ul[@class='ui-select-choices ui-select-choices-content ui-select-dropdown dropdown-menu']//span[@class='ui-select-choices-row-inner']//div[contains(text(),'iPhone 3GS')], Andres clicks on Abrimos para escoger el so, Andres clicks on //ul[@class='ui-select-choices ui-select-choices-content ui-select-dropdown dropdown-menu']//span[@class='ui-select-choices-row-inner']//div[contains(text(),'iOS 3.0')]]]
[Test worker] WARN net.thucydides.core.steps.BaseStepListener - stepStarted: net.thucydides.core.steps.ExecutedStepDescription@4a7cb706
[Test worker] WARN net.thucydides.core.steps.BaseStepListener - stepFinished: current outcome:Create new user on uTest page:Given Andres wants to fill out a form to register [Andres open up [Andres opens the Utest page]], When I have entered the form and fill out the first part
| strName | strLastname | strEmail | strMonth | strDay | strYear |
| Andres | Rojas | andres20ka@gmail.com | April | 20 | 2000 | [Andres first part [Andres clicks on Click para iniciar el formulario, Andres enters 'Andres' into Digitamos el nombre, Andres enters 'Rojas' into Digitamos el apellido, Andres enters 'andres20ka@gmail.com' into Digitamos el correo, Andres select April on Escogemos el mes, Andres select 20 on Escogemos el dia, Andres select 2000 on Escogemos el año, Andres clicks on Siguiente parte]], When he fill out the second part of the form ciudad
| strCity | strZipCode |
| Limari | 78520 | [Andres second part [Andres enters 'Limari' into Escogiendo Ciudad, Andres types 'DOWN' in Escogiendo Ciudad, Andres types 'ENTER' in Escogiendo Ciudad, Andres enters '78520' into Escogiendo Codigo Postal, Andres clicks on Siguiente parte]], When he fill out the third part of the form mobile
| strMobile | strModel | strSo |
| Apple | iPhone 3GS | iOS 3.0 | [Andres third part [Andres clicks on Abrimos para escoger el celular, Andres clicks on //ul[@class='ui-select-choices ui-select-choices-content ui-select-dropdown dropdown-menu']//span[@class='ui-select-choices-row-inner']//div[contains(text(),'Apple')], Andres clicks on Abrimos para escoger el modelo, Andres clicks on //ul[@class='ui-select-choices ui-select-choices-content ui-select-dropdown dropdown-menu']//span[@class='ui-select-choices-row-inner']//div[contains(text(),'iPhone 3GS')], Andres clicks on Abrimos para escoger el so, Andres clicks on //ul[@class='ui-select-choices ui-select-choices-content ui-select-dropdown dropdown-menu']//span[@class='ui-select-choices-row-inner']//div[contains(text(),'iOS 3.0')], Andres clicks on Siguiente parte del formulario]]
[Test worker] WARN net.thucydides.core.steps.BaseStepListener - stepFinished: current outcome:Create new user on uTest page:Given Andres wants to fill out a form to register [Andres open up [Andres opens the Utest page]], When I have entered the form and fill out the first part
| strName | strLastname | strEmail | strMonth | strDay | strYear |
| Andres | Rojas | andres20ka@gmail.com | April | 20 | 2000 | [Andres first part [Andres clicks on Click para iniciar el formulario, Andres enters 'Andres' into Digitamos el nombre, Andres enters 'Rojas' into Digitamos el apellido, Andres enters 'andres20ka@gmail.com' into Digitamos el correo, Andres select April on Escogemos el mes, Andres select 20 on Escogemos el dia, Andres select 2000 on Escogemos el año, Andres clicks on Siguiente parte]], When he fill out the second part of the form ciudad
| strCity | strZipCode |
| Limari | 78520 | [Andres second part [Andres enters 'Limari' into Escogiendo Ciudad, Andres types 'DOWN' in Escogiendo Ciudad, Andres types 'ENTER' in Escogiendo Ciudad, Andres enters '78520' into Escogiendo Codigo Postal, Andres clicks on Siguiente parte]], When he fill out the third part of the form mobile
| strMobile | strModel | strSo |
| Apple | iPhone 3GS | iOS 3.0 | [Andres third part [Andres clicks on Abrimos para escoger el celular, Andres clicks on //ul[@class='ui-select-choices ui-select-choices-content ui-select-dropdown dropdown-menu']//span[@class='ui-select-choices-row-inner']//div[contains(text(),'Apple')], Andres clicks on Abrimos para escoger el modelo, Andres clicks on //ul[@class='ui-select-choices ui-select-choices-content ui-select-dropdown dropdown-menu']//span[@class='ui-select-choices-row-inner']//div[contains(text(),'iPhone 3GS')], Andres clicks on Abrimos para escoger el so, Andres clicks on //ul[@class='ui-select-choices ui-select-choices-content ui-select-dropdown dropdown-menu']//span[@class='ui-select-choices-row-inner']//div[contains(text(),'iOS 3.0')], Andres clicks on Siguiente parte del formulario]]
[Test worker] WARN net.thucydides.core.steps.BaseStepListener - stepFinished: current outcome:Create new user on uTest page:Given Andres wants to fill out a form to register [Andres open up [Andres opens the Utest page]], When I have entered the form and fill out the first part
| strName | strLastname | strEmail | strMonth | strDay | strYear |
| Andres | Rojas | andres20ka@gmail.com | April | 20 | 2000 | [Andres first part [Andres clicks on Click para iniciar el formulario, Andres enters 'Andres' into Digitamos el nombre, Andres enters 'Rojas' into Digitamos el apellido, Andres enters 'andres20ka@gmail.com' into Digitamos el correo, Andres select April on Escogemos el mes, Andres select 20 on Escogemos el dia, Andres select 2000 on Escogemos el año, Andres clicks on Siguiente parte]], When he fill out the second part of the form ciudad
| strCity | strZipCode |
| Limari | 78520 | [Andres second part [Andres enters 'Limari' into Escogiendo Ciudad, Andres types 'DOWN' in Escogiendo Ciudad, Andres types 'ENTER' in Escogiendo Ciudad, Andres enters '78520' into Escogiendo Codigo Postal, Andres clicks on Siguiente parte]], When he fill out the third part of the form mobile
| strMobile | strModel | strSo |
| Apple | iPhone 3GS | iOS 3.0 | [Andres third part [Andres clicks on Abrimos para escoger el celular, Andres clicks on //ul[@class='ui-select-choices ui-select-choices-content ui-select-dropdown dropdown-menu']//span[@class='ui-select-choices-row-inner']//div[contains(text(),'Apple')], Andres clicks on Abrimos para escoger el modelo, Andres clicks on //ul[@class='ui-select-choices ui-select-choices-content ui-select-dropdown dropdown-menu']//span[@class='ui-select-choices-row-inner']//div[contains(text(),'iPhone 3GS')], Andres clicks on Abrimos para escoger el so, Andres clicks on //ul[@class='ui-select-choices ui-select-choices-content ui-select-dropdown dropdown-menu']//span[@class='ui-select-choices-row-inner']//div[contains(text(),'iOS 3.0')], Andres clicks on Siguiente parte del formulario]]
[Test worker] WARN net.thucydides.core.steps.BaseStepListener - stepStarted: net.thucydides.core.steps.ExecutedStepDescription@78cc90a5
[Test worker] WARN net.thucydides.core.steps.BaseStepListener - stepStarted: net.thucydides.core.steps.ExecutedStepDescription@60705381
[Test worker] WARN net.thucydides.core.steps.BaseStepListener - stepStarted: net.thucydides.core.steps.ExecutedStepDescription@2fa02af2
[Test worker] WARN net.thucydides.core.steps.BaseStepListener - stepFinished: current outcome:Create new user on uTest page:Given Andres wants to fill out a form to register [Andres open up [Andres opens the Utest page]], When I have entered the form and fill out the first part
| strName | strLastname | strEmail | strMonth | strDay | strYear |
| Andres | Rojas | andres20ka@gmail.com | April | 20 | 2000 | [Andres first part [Andres clicks on Click para iniciar el formulario, Andres enters 'Andres' into Digitamos el nombre, Andres enters 'Rojas' into Digitamos el apellido, Andres enters 'andres20ka@gmail.com' into Digitamos el correo, Andres select April on Escogemos el mes, Andres select 20 on Escogemos el dia, Andres select 2000 on Escogemos el año, Andres clicks on Siguiente parte]], When he fill out the second part of the form ciudad
| strCity | strZipCode |
| Limari | 78520 | [Andres second part [Andres enters 'Limari' into Escogiendo Ciudad, Andres types 'DOWN' in Escogiendo Ciudad, Andres types 'ENTER' in Escogiendo Ciudad, Andres enters '78520' into Escogiendo Codigo Postal, Andres clicks on Siguiente parte]], When he fill out the third part of the form mobile
| strMobile | strModel | strSo |
| Apple | iPhone 3GS | iOS 3.0 | [Andres third part [Andres clicks on Abrimos para escoger el celular, Andres clicks on //ul[@class='ui-select-choices ui-select-choices-content ui-select-dropdown dropdown-menu']//span[@class='ui-select-choices-row-inner']//div[contains(text(),'Apple')], Andres clicks on Abrimos para escoger el modelo, Andres clicks on //ul[@class='ui-select-choices ui-select-choices-content ui-select-dropdown dropdown-menu']//span[@class='ui-select-choices-row-inner']//div[contains(text(),'iPhone 3GS')], Andres clicks on Abrimos para escoger el so, Andres clicks on //ul[@class='ui-select-choices ui-select-choices-content ui-select-dropdown dropdown-menu']//span[@class='ui-select-choices-row-inner']//div[contains(text(),'iOS 3.0')], Andres clicks on Siguiente parte del formulario]], When he fill out the fourth part of the form password
| strPassword |
| t#%y1uF1nzvRI9AJK | [Andres fourth part [Andres enters 't#%y1uF1nzvRI9AJK' into Elegimos la contraseña]]
[Test worker] WARN net.thucydides.core.steps.BaseStepListener - stepStarted: net.thucydides.core.steps.ExecutedStepDescription@398dfcf7
[Test worker] WARN net.thucydides.core.steps.BaseStepListener - stepFinished: current outcome:Create new user on uTest page:Given Andres wants to fill out a form to register [Andres open up [Andres opens the Utest page]], When I have entered the form and fill out the first part
| strName | strLastname | strEmail | strMonth | strDay | strYear |
| Andres | Rojas | andres20ka@gmail.com | April | 20 | 2000 | [Andres first part [Andres clicks on Click para iniciar el formulario, Andres enters 'Andres' into Digitamos el nombre, Andres enters 'Rojas' into Digitamos el apellido, Andres enters 'andres20ka@gmail.com' into Digitamos el correo, Andres select April on Escogemos el mes, Andres select 20 on Escogemos el dia, Andres select 2000 on Escogemos el año, Andres clicks on Siguiente parte]], When he fill out the second part of the form ciudad
| strCity | strZipCode |
| Limari | 78520 | [Andres second part [Andres enters 'Limari' into Escogiendo Ciudad, Andres types 'DOWN' in Escogiendo Ciudad, Andres types 'ENTER' in Escogiendo Ciudad, Andres enters '78520' into Escogiendo Codigo Postal, Andres clicks on Siguiente parte]], When he fill out the third part of the form mobile
| strMobile | strModel | strSo |
| Apple | iPhone 3GS | iOS 3.0 | [Andres third part [Andres clicks on Abrimos para escoger el celular, Andres clicks on //ul[@class='ui-select-choices ui-select-choices-content ui-select-dropdown dropdown-menu']//span[@class='ui-select-choices-row-inner']//div[contains(text(),'Apple')], Andres clicks on Abrimos para escoger el modelo, Andres clicks on //ul[@class='ui-select-choices ui-select-choices-content ui-select-dropdown dropdown-menu']//span[@class='ui-select-choices-row-inner']//div[contains(text(),'iPhone 3GS')], Andres clicks on Abrimos para escoger el so, Andres clicks on //ul[@class='ui-select-choices ui-select-choices-content ui-select-dropdown dropdown-menu']//span[@class='ui-select-choices-row-inner']//div[contains(text(),'iOS 3.0')], Andres clicks on Siguiente parte del formulario]], When he fill out the fourth part of the form password
| strPassword |
| t#%y1uF1nzvRI9AJK | [Andres fourth part [Andres enters 't#%y1uF1nzvRI9AJK' into Elegimos la contraseña, Andres enters 't#%y1uF1nzvRI9AJK' into Confirmamos la contraseña]]
[Test worker] WARN net.thucydides.core.steps.BaseStepListener - stepStarted: net.thucydides.core.steps.ExecutedStepDescription@366e8f67
[Test worker] WARN net.thucydides.core.steps.BaseStepListener - stepFinished: current outcome:Create new user on uTest page:Given Andres wants to fill out a form to register [Andres open up [Andres opens the Utest page]], When I have entered the form and fill out the first part
| strName | strLastname | strEmail | strMonth | strDay | strYear |
| Andres | Rojas | andres20ka@gmail.com | April | 20 | 2000 | [Andres first part [Andres clicks on Click para iniciar el formulario, Andres enters 'Andres' into Digitamos el nombre, Andres enters 'Rojas' into Digitamos el apellido, Andres enters 'andres20ka@gmail.com' into Digitamos el correo, Andres select April on Escogemos el mes, Andres select 20 on Escogemos el dia, Andres select 2000 on Escogemos el año, Andres clicks on Siguiente parte]], When he fill out the second part of the form ciudad
| strCity | strZipCode |
| Limari | 78520 | [Andres second part [Andres enters 'Limari' into Escogiendo Ciudad, Andres types 'DOWN' in Escogiendo Ciudad, Andres types 'ENTER' in Escogiendo Ciudad, Andres enters '78520' into Escogiendo Codigo Postal, Andres clicks on Siguiente parte]], When he fill out the third part of the form mobile
| strMobile | strModel | strSo |
| Apple | iPhone 3GS | iOS 3.0 | [Andres third part [Andres clicks on Abrimos para escoger el celular, Andres clicks on //ul[@class='ui-select-choices ui-select-choices-content ui-select-dropdown dropdown-menu']//span[@class='ui-select-choices-row-inner']//div[contains(text(),'Apple')], Andres clicks on Abrimos para escoger el modelo, Andres clicks on //ul[@class='ui-select-choices ui-select-choices-content ui-select-dropdown dropdown-menu']//span[@class='ui-select-choices-row-inner']//div[contains(text(),'iPhone 3GS')], Andres clicks on Abrimos para escoger el so, Andres clicks on //ul[@class='ui-select-choices ui-select-choices-content ui-select-dropdown dropdown-menu']//span[@class='ui-select-choices-row-inner']//div[contains(text(),'iOS 3.0')], Andres clicks on Siguiente parte del formulario]], When he fill out the fourth part of the form password
| strPassword |
| t#%y1uF1nzvRI9AJK | [Andres fourth part [Andres enters 't#%y1uF1nzvRI9AJK' into Elegimos la contraseña, Andres enters 't#%y1uF1nzvRI9AJK' into Confirmamos la contraseña, Andres clicks on Aceptamos terminos]]
[Test worker] WARN net.thucydides.core.steps.BaseStepListener - stepStarted: net.thucydides.core.steps.ExecutedStepDescription@19b1d444
[Test worker] WARN net.thucydides.core.steps.BaseStepListener - stepFinished: current outcome:Create new user on uTest page:Given Andres wants to fill out a form to register [Andres open up [Andres opens the Utest page]], When I have entered the form and fill out the first part
| strName | strLastname | strEmail | strMonth | strDay | strYear |
| Andres | Rojas | andres20ka@gmail.com | April | 20 | 2000 | [Andres first part [Andres clicks on Click para iniciar el formulario, Andres enters 'Andres' into Digitamos el nombre, Andres enters 'Rojas' into Digitamos el apellido, Andres enters 'andres20ka@gmail.com' into Digitamos el correo, Andres select April on Escogemos el mes, Andres select 20 on Escogemos el dia, Andres select 2000 on Escogemos el año, Andres clicks on Siguiente parte]], When he fill out the second part of the form ciudad
| strCity | strZipCode |
| Limari | 78520 | [Andres second part [Andres enters 'Limari' into Escogiendo Ciudad, Andres types 'DOWN' in Escogiendo Ciudad, Andres types 'ENTER' in Escogiendo Ciudad, Andres enters '78520' into Escogiendo Codigo Postal, Andres clicks on Siguiente parte]], When he fill out the third part of the form mobile
| strMobile | strModel | strSo |
| Apple | iPhone 3GS | iOS 3.0 | [Andres third part [Andres clicks on Abrimos para escoger el celular, Andres clicks on //ul[@class='ui-select-choices ui-select-choices-content ui-select-dropdown dropdown-menu']//span[@class='ui-select-choices-row-inner']//div[contains(text(),'Apple')], Andres clicks on Abrimos para escoger el modelo, Andres clicks on //ul[@class='ui-select-choices ui-select-choices-content ui-select-dropdown dropdown-menu']//span[@class='ui-select-choices-row-inner']//div[contains(text(),'iPhone 3GS')], Andres clicks on Abrimos para escoger el so, Andres clicks on //ul[@class='ui-select-choices ui-select-choices-content ui-select-dropdown dropdown-menu']//span[@class='ui-select-choices-row-inner']//div[contains(text(),'iOS 3.0')], Andres clicks on Siguiente parte del formulario]], When he fill out the fourth part of the form password
| strPassword |
| t#%y1uF1nzvRI9AJK | [Andres fourth part [Andres enters 't#%y1uF1nzvRI9AJK' into Elegimos la contraseña, Andres enters 't#%y1uF1nzvRI9AJK' into Confirmamos la contraseña, Andres clicks on Aceptamos terminos, Andres clicks on Aceptamos terminos]]
[Test worker] WARN net.thucydides.core.steps.BaseStepListener - stepStarted: net.thucydides.core.steps.ExecutedStepDescription@33abc3c8
[Test worker] WARN net.thucydides.core.steps.BaseStepListener - stepFinished: current outcome:Create new user on uTest page:Given Andres wants to fill out a form to register [Andres open up [Andres opens the Utest page]], When I have entered the form and fill out the first part
| strName | strLastname | strEmail | strMonth | strDay | strYear |
| Andres | Rojas | andres20ka@gmail.com | April | 20 | 2000 | [Andres first part [Andres clicks on Click para iniciar el formulario, Andres enters 'Andres' into Digitamos el nombre, Andres enters 'Rojas' into Digitamos el apellido, Andres enters 'andres20ka@gmail.com' into Digitamos el correo, Andres select April on Escogemos el mes, Andres select 20 on Escogemos el dia, Andres select 2000 on Escogemos el año, Andres clicks on Siguiente parte]], When he fill out the second part of the form ciudad
| strCity | strZipCode |
| Limari | 78520 | [Andres second part [Andres enters 'Limari' into Escogiendo Ciudad, Andres types 'DOWN' in Escogiendo Ciudad, Andres types 'ENTER' in Escogiendo Ciudad, Andres enters '78520' into Escogiendo Codigo Postal, Andres clicks on Siguiente parte]], When he fill out the third part of the form mobile
| strMobile | strModel | strSo |
| Apple | iPhone 3GS | iOS 3.0 | [Andres third part [Andres clicks on Abrimos para escoger el celular, Andres clicks on //ul[@class='ui-select-choices ui-select-choices-content ui-select-dropdown dropdown-menu']//span[@class='ui-select-choices-row-inner']//div[contains(text(),'Apple')], Andres clicks on Abrimos para escoger el modelo, Andres clicks on //ul[@class='ui-select-choices ui-select-choices-content ui-select-dropdown dropdown-menu']//span[@class='ui-select-choices-row-inner']//div[contains(text(),'iPhone 3GS')], Andres clicks on Abrimos para escoger el so, Andres clicks on //ul[@class='ui-select-choices ui-select-choices-content ui-select-dropdown dropdown-menu']//span[@class='ui-select-choices-row-inner']//div[contains(text(),'iOS 3.0')], Andres clicks on Siguiente parte del formulario]], When he fill out the fourth part of the form password
| strPassword |
| t#%y1uF1nzvRI9AJK | [Andres fourth part [Andres enters 't#%y1uF1nzvRI9AJK' into Elegimos la contraseña, Andres enters 't#%y1uF1nzvRI9AJK' into Confirmamos la contraseña, Andres clicks on Aceptamos terminos, Andres clicks on Aceptamos terminos, Andres clicks on Terminamos el Formulario]]
[Test worker] WARN net.thucydides.core.steps.BaseStepListener - stepFinished: current outcome:Create new user on uTest page:Given Andres wants to fill out a form to register [Andres open up [Andres opens the Utest page]], When I have entered the form and fill out the first part
| strName | strLastname | strEmail | strMonth | strDay | strYear |
| Andres | Rojas | andres20ka@gmail.com | April | 20 | 2000 | [Andres first part [Andres clicks on Click para iniciar el formulario, Andres enters 'Andres' into Digitamos el nombre, Andres enters 'Rojas' into Digitamos el apellido, Andres enters 'andres20ka@gmail.com' into Digitamos el correo, Andres select April on Escogemos el mes, Andres select 20 on Escogemos el dia, Andres select 2000 on Escogemos el año, Andres clicks on Siguiente parte]], When he fill out the second part of the form ciudad
| strCity | strZipCode |
| Limari | 78520 | [Andres second part [Andres enters 'Limari' into Escogiendo Ciudad, Andres types 'DOWN' in Escogiendo Ciudad, Andres types 'ENTER' in Escogiendo Ciudad, Andres enters '78520' into Escogiendo Codigo Postal, Andres clicks on Siguiente parte]], When he fill out the third part of the form mobile
| strMobile | strModel | strSo |
| Apple | iPhone 3GS | iOS 3.0 | [Andres third part [Andres clicks on Abrimos para escoger el celular, Andres clicks on //ul[@class='ui-select-choices ui-select-choices-content ui-select-dropdown dropdown-menu']//span[@class='ui-select-choices-row-inner']//div[contains(text(),'Apple')], Andres clicks on Abrimos para escoger el modelo, Andres clicks on //ul[@class='ui-select-choices ui-select-choices-content ui-select-dropdown dropdown-menu']//span[@class='ui-select-choices-row-inner']//div[contains(text(),'iPhone 3GS')], Andres clicks on Abrimos para escoger el so, Andres clicks on //ul[@class='ui-select-choices ui-select-choices-content ui-select-dropdown dropdown-menu']//span[@class='ui-select-choices-row-inner']//div[contains(text(),'iOS 3.0')], Andres clicks on Siguiente parte del formulario]], When he fill out the fourth part of the form password
| strPassword |
| t#%y1uF1nzvRI9AJK | [Andres fourth part [Andres enters 't#%y1uF1nzvRI9AJK' into Elegimos la contraseña, Andres enters 't#%y1uF1nzvRI9AJK' into Confirmamos la contraseña, Andres clicks on Aceptamos terminos, Andres clicks on Aceptamos terminos, Andres clicks on Terminamos el Formulario]]
[Test worker] WARN net.thucydides.core.steps.BaseStepListener - stepFinished: current outcome:Create new user on uTest page:Given Andres wants to fill out a form to register [Andres open up [Andres opens the Utest page]], When I have entered the form and fill out the first part
| strName | strLastname | strEmail | strMonth | strDay | strYear |
| Andres | Rojas | andres20ka@gmail.com | April | 20 | 2000 | [Andres first part [Andres clicks on Click para iniciar el formulario, Andres enters 'Andres' into Digitamos el nombre, Andres enters 'Rojas' into Digitamos el apellido, Andres enters 'andres20ka@gmail.com' into Digitamos el correo, Andres select April on Escogemos el mes, Andres select 20 on Escogemos el dia, Andres select 2000 on Escogemos el año, Andres clicks on Siguiente parte]], When he fill out the second part of the form ciudad
| strCity | strZipCode |
| Limari | 78520 | [Andres second part [Andres enters 'Limari' into Escogiendo Ciudad, Andres types 'DOWN' in Escogiendo Ciudad, Andres types 'ENTER' in Escogiendo Ciudad, Andres enters '78520' into Escogiendo Codigo Postal, Andres clicks on Siguiente parte]], When he fill out the third part of the form mobile
| strMobile | strModel | strSo |
| Apple | iPhone 3GS | iOS 3.0 | [Andres third part [Andres clicks on Abrimos para escoger el celular, Andres clicks on //ul[@class='ui-select-choices ui-select-choices-content ui-select-dropdown dropdown-menu']//span[@class='ui-select-choices-row-inner']//div[contains(text(),'Apple')], Andres clicks on Abrimos para escoger el modelo, Andres clicks on //ul[@class='ui-select-choices ui-select-choices-content ui-select-dropdown dropdown-menu']//span[@class='ui-select-choices-row-inner']//div[contains(text(),'iPhone 3GS')], Andres clicks on Abrimos para escoger el so, Andres clicks on //ul[@class='ui-select-choices ui-select-choices-content ui-select-dropdown dropdown-menu']//span[@class='ui-select-choices-row-inner']//div[contains(text(),'iOS 3.0')], Andres clicks on Siguiente parte del formulario]], When he fill out the fourth part of the form password
| strPassword |
| t#%y1uF1nzvRI9AJK | [Andres fourth part [Andres enters 't#%y1uF1nzvRI9AJK' into Elegimos la contraseña, Andres enters 't#%y1uF1nzvRI9AJK' into Confirmamos la contraseña, Andres clicks on Aceptamos terminos, Andres clicks on Aceptamos terminos, Andres clicks on Terminamos el Formulario]]
[Test worker] WARN net.thucydides.core.steps.BaseStepListener - stepStarted: net.thucydides.core.steps.ExecutedStepDescription@75300a38
[Test worker] WARN net.thucydides.core.steps.BaseStepListener - stepStarted: net.thucydides.core.steps.ExecutedStepDescription@7c447597
[Test worker] WARN net.thucydides.core.steps.BaseStepListener - stepStarted: net.thucydides.core.steps.ExecutedStepDescription@7ea0bc37
[Test worker] WARN net.thucydides.core.steps.BaseStepListener - testFinished: Create new user on uTest page:Given Andres wants to fill out a form to register [Andres open up [Andres opens the Utest page]], When I have entered the form and fill out the first part
| strName | strLastname | strEmail | strMonth | strDay | strYear |
| Andres | Rojas | andres20ka@gmail.com | April | 20 | 2000 | [Andres first part [Andres clicks on Click para iniciar el formulario, Andres enters 'Andres' into Digitamos el nombre, Andres enters 'Rojas' into Digitamos el apellido, Andres enters 'andres20ka@gmail.com' into Digitamos el correo, Andres select April on Escogemos el mes, Andres select 20 on Escogemos el dia, Andres select 2000 on Escogemos el año, Andres clicks on Siguiente parte]], When he fill out the second part of the form ciudad
| strCity | strZipCode |
| Limari | 78520 | [Andres second part [Andres enters 'Limari' into Escogiendo Ciudad, Andres types 'DOWN' in Escogiendo Ciudad, Andres types 'ENTER' in Escogiendo Ciudad, Andres enters '78520' into Escogiendo Codigo Postal, Andres clicks on Siguiente parte]], When he fill out the third part of the form mobile
| strMobile | strModel | strSo |
| Apple | iPhone 3GS | iOS 3.0 | [Andres third part [Andres clicks on Abrimos para escoger el celular, Andres clicks on //ul[@class='ui-select-choices ui-select-choices-content ui-select-dropdown dropdown-menu']//span[@class='ui-select-choices-row-inner']//div[contains(text(),'Apple')], Andres clicks on Abrimos para escoger el modelo, Andres clicks on //ul[@class='ui-select-choices ui-select-choices-content ui-select-dropdown dropdown-menu']//span[@class='ui-select-choices-row-inner']//div[contains(text(),'iPhone 3GS')], Andres clicks on Abrimos para escoger el so, Andres clicks on //ul[@class='ui-select-choices ui-select-choices-content ui-select-dropdown dropdown-menu']//span[@class='ui-select-choices-row-inner']//div[contains(text(),'iOS 3.0')], Andres clicks on Siguiente parte del formulario]], When he fill out the fourth part of the form password
| strPassword |
| t#%y1uF1nzvRI9AJK | [Andres fourth part [Andres enters 't#%y1uF1nzvRI9AJK' into Elegimos la contraseña, Andres enters 't#%y1uF1nzvRI9AJK' into Confirmamos la contraseña, Andres clicks on Aceptamos terminos, Andres clicks on Aceptamos terminos, Andres clicks on Terminamos el Formulario]], Then he can log in email
| strEmail | strPassword |
| andres20ka@gmail.com | t#%y1uF1nzvRI9AJK | [Andres check [Andres clicks on Click en LOG IN ]]
[Test worker] WARN net.thucydides.core.steps.BaseStepListener - TestOutcomes: [Create new user on uTest page:Given Andres wants to fill out a form to register [Andres open up [Andres opens the Utest page]], When I have entered the form and fill out the first part
| strName | strLastname | strEmail | strMonth | strDay | strYear |
| Andres | Rojas | andres20ka@gmail.com | April | 20 | 2000 | [Andres first part [Andres clicks on Click para iniciar el formulario, Andres enters 'Andres' into Digitamos el nombre, Andres enters 'Rojas' into Digitamos el apellido, Andres enters 'andres20ka@gmail.com' into Digitamos el correo, Andres select April on Escogemos el mes, Andres select 20 on Escogemos el dia, Andres select 2000 on Escogemos el año, Andres clicks on Siguiente parte]], When he fill out the second part of the form ciudad
| strCity | strZipCode |
| Limari | 78520 | [Andres second part [Andres enters 'Limari' into Escogiendo Ciudad, Andres types 'DOWN' in Escogiendo Ciudad, Andres types 'ENTER' in Escogiendo Ciudad, Andres enters '78520' into Escogiendo Codigo Postal, Andres clicks on Siguiente parte]], When he fill out the third part of the form mobile
| strMobile | strModel | strSo |
| Apple | iPhone 3GS | iOS 3.0 | [Andres third part [Andres clicks on Abrimos para escoger el celular, Andres clicks on //ul[@class='ui-select-choices ui-select-choices-content ui-select-dropdown dropdown-menu']//span[@class='ui-select-choices-row-inner']//div[contains(text(),'Apple')], Andres clicks on Abrimos para escoger el modelo, Andres clicks on //ul[@class='ui-select-choices ui-select-choices-content ui-select-dropdown dropdown-menu']//span[@class='ui-select-choices-row-inner']//div[contains(text(),'iPhone 3GS')], Andres clicks on Abrimos para escoger el so, Andres clicks on //ul[@class='ui-select-choices ui-select-choices-content ui-select-dropdown dropdown-menu']//span[@class='ui-select-choices-row-inner']//div[contains(text(),'iOS 3.0')], Andres clicks on Siguiente parte del formulario]], When he fill out the fourth part of the form password
| strPassword |
| t#%y1uF1nzvRI9AJK | [Andres fourth part [Andres enters 't#%y1uF1nzvRI9AJK' into Elegimos la contraseña, Andres enters 't#%y1uF1nzvRI9AJK' into Confirmamos la contraseña, Andres clicks on Aceptamos terminos, Andres clicks on Aceptamos terminos, Andres clicks on Terminamos el Formulario]], Then he can log in email
| strEmail | strPassword |
| andres20ka@gmail.com | t#%y1uF1nzvRI9AJK | [Andres check [Andres clicks on Click en LOG IN ]]]
[Test worker] WARN net.thucydides.core.steps.BaseStepListener - Final testOutcomes: [Create new user on uTest page:Given Andres wants to fill out a form to register [Andres open up [Andres opens the Utest page]], When I have entered the form and fill out the first part
| strName | strLastname | strEmail | strMonth | strDay | strYear |
| Andres | Rojas | andres20ka@gmail.com | April | 20 | 2000 | [Andres first part [Andres clicks on Click para iniciar el formulario, Andres enters 'Andres' into Digitamos el nombre, Andres enters 'Rojas' into Digitamos el apellido, Andres enters 'andres20ka@gmail.com' into Digitamos el correo, Andres select April on Escogemos el mes, Andres select 20 on Escogemos el dia, Andres select 2000 on Escogemos el año, Andres clicks on Siguiente parte]], When he fill out the second part of the form ciudad
| strCity | strZipCode |
| Limari | 78520 | [Andres second part [Andres enters 'Limari' into Escogiendo Ciudad, Andres types 'DOWN' in Escogiendo Ciudad, Andres types 'ENTER' in Escogiendo Ciudad, Andres enters '78520' into Escogiendo Codigo Postal, Andres clicks on Siguiente parte]], When he fill out the third part of the form mobile
| strMobile | strModel | strSo |
| Apple | iPhone 3GS | iOS 3.0 | [Andres third part [Andres clicks on Abrimos para escoger el celular, Andres clicks on //ul[@class='ui-select-choices ui-select-choices-content ui-select-dropdown dropdown-menu']//span[@class='ui-select-choices-row-inner']//div[contains(text(),'Apple')], Andres clicks on Abrimos para escoger el modelo, Andres clicks on //ul[@class='ui-select-choices ui-select-choices-content ui-select-dropdown dropdown-menu']//span[@class='ui-select-choices-row-inner']//div[contains(text(),'iPhone 3GS')], Andres clicks on Abrimos para escoger el so, Andres clicks on //ul[@class='ui-select-choices ui-select-choices-content ui-select-dropdown dropdown-menu']//span[@class='ui-select-choices-row-inner']//div[contains(text(),'iOS 3.0')], Andres clicks on Siguiente parte del formulario]], When he fill out the fourth part of the form password
| strPassword |
| t#%y1uF1nzvRI9AJK | [Andres fourth part [Andres enters 't#%y1uF1nzvRI9AJK' into Elegimos la contraseña, Andres enters 't#%y1uF1nzvRI9AJK' into Confirmamos la contraseña, Andres clicks on Aceptamos terminos, Andres clicks on Aceptamos terminos, Andres clicks on Terminamos el Formulario]], Then he can log in email
| strEmail | strPassword |
| andres20ka@gmail.com | t#%y1uF1nzvRI9AJK | [Andres check [Andres clicks on Click en LOG IN ]]]
[Test worker] ERROR net.thucydides.core.steps.ConsoleLoggingListener - 
           __  _____ _____ ____ _____   _____ _    ___ _     _____ ____  
  _       / / |_   _| ____/ ___|_   _| |  ___/ \  |_ _| |   | ____|  _ \ 
 (_)_____| |    | | |  _| \___ \ | |   | |_ / _ \  | || |   |  _| | | | |
  _|_____| |    | | | |___ ___) || |   |  _/ ___ \ | || |___| |___| |_| |
 (_)     | |    |_| |_____|____/ |_|   |_|/_/   \_\___|_____|_____|____/ 
          \_\                                                            

TEST FAILED: Create new user on uTest page
--------------------------------------------------------------------------
[Test worker] ERROR net.thucydides.core.steps.ConsoleLoggingListener - TEST FAILED AT STEP Andres clicks on Click en LOG IN
[Test worker] ERROR net.thucydides.core.steps.ConsoleLoggingListener - Expected enabled element was not enabled
]]></system-err>
</testsuite>
