<?xml version="1.0" encoding="UTF-8"?><testsuite errors="0" failures="1" name="Utest" skipped="0" tests="1" time="85.78" timestamp="2021-02-23 05:48:55"><testcase name="Create new user on uTest page"><failure message="Expected enabled element was not enabled" type="net.thucydides.core.webdriver.exceptions.ElementShouldBeEnabledException">Expected enabled element was not enabled</failure><system-err>Expected enabled element was not enabled&#13;
proyecto3.task.Check.performAs(Check.java:27)&#13;
proyecto3.stepdefinitions.UtestStepDefinitions.heCanLogIn(UtestStepDefinitions.java:65)&#13;
cucumber.runner.Runner.runPickle(Runner.java:80)&#13;
</system-err></testcase></testsuite>