<?xml version="1.0" encoding="UTF-8"?><testsuite errors="1" failures="0" name="Utest" skipped="0" tests="1" time="102.04" timestamp="2021-02-20 10:19:17"><testcase name="Create new user on uTest page"><error type="java.lang.NullPointerException"/><system-err>null&#13;
proyecto3.task.Check.performAs(Check.java:30)&#13;
proyecto3.stepdefinitions.UtestStepDefinitions.heCanLogIn(UtestStepDefinitions.java:59)&#13;
cucumber.runner.Runner.runPickle(Runner.java:80)&#13;
</system-err></testcase></testsuite>